<?xml version="1.0" encoding="UTF-8"?>
<!-- Generated by org.testng.reporters.JUnitReportReporter -->
<testsuite hostname="DESKTOP-R51TC9L" failures="0" tests="1" name="signupProcess.signupProcessClass" time="0.281" errors="0" timestamp="2023-10-23T11:46:40 EET" skipped="0">
  <testcase classname="signupProcess.signupProcessClass" name="myTest" time="0.281"/>
  <system-out/>
</testsuite> <!-- signupProcess.signupProcessClass -->
